Arguments: 
  /opt/homebrew/Cellar/node/22.3.0/bin/node /opt/homebrew/Cellar/yarn/1.22.19/libexec/bin/yarn.js add "three

PATH: 
  /Users/ryuaus26/Downloads/google-cloud-sdk/bin:/Users/ryuaus26/miniconda3/bin:/Library/Frameworks/Python.framework/Versions/2.7/bin:/Library/Frameworks/Python.framework/Versions/3.10/bin:/opt/homebrew/bin:/opt/homebrew/sbin:/Library/Frameworks/Python.framework/Versions/3.11/bin:/usr/local/bin:/usr/bin:/bin:/usr/sbin:/sbin:/usr/local/share/dotnet:~/.dotnet/tools:/Library/Apple/usr/bin:/Users/ryuaus26/Luxonis/depthai/entrypoint

Yarn version: 
  1.22.19

Node version: 
  22.3.0

Platform: 
  darwin arm64

Trace: 
  Error: https://registry.yarnpkg.com/%22three: Not found
      at params.callback [as _callback] (/opt/homebrew/Cellar/yarn/1.22.19/libexec/lib/cli.js:66145:18)
      at self.callback (/opt/homebrew/Cellar/yarn/1.22.19/libexec/lib/cli.js:140890:22)
      at Request.emit (node:events:520:28)
      at Request.<anonymous> (/opt/homebrew/Cellar/yarn/1.22.19/libexec/lib/cli.js:141862:10)
      at Request.emit (node:events:520:28)
      at IncomingMessage.<anonymous> (/opt/homebrew/Cellar/yarn/1.22.19/libexec/lib/cli.js:141784:12)
      at Object.onceWrapper (node:events:634:28)
      at IncomingMessage.emit (node:events:532:35)
      at endReadableNT (node:internal/streams/readable:1696:12)
      at process.processTicksAndRejections (node:internal/process/task_queues:82:21)

npm manifest: 
  {
    "name": "website",
    "version": "1.0.0",
    "description": "Website simulates the three movements in powerlifting: Squat, Bench, and Deadlift. The simulation shows load, work done by each muscle group and predicts 1RM ",
    "main": "index.js",
    "scripts": {
      "build": "webpack",
      "start": "webpack-dev-server --port 8080"
    },
    "author": "Austin Ryu",
    "license": "MIT",
    "devDependencies": {
      "@babylonjs/core": "^7.12.0",
      "html-webpack-plugin": "^5.6.0",
      "ts-loader": "^9.5.1",
      "typescript": "^5.5.2",
      "webpack": "^5.92.1",
      "webpack-cli": "^5.1.4"
    }
  }

yarn manifest: 
  No manifest

Lockfile: 
  No lockfile
